 
 
GET /WoodStorage 07-08-2023_04:56:09
GET /WoodStorage 07-08-2023_04:56:17
GET /ew 07-08-2023_05:37:11
GET /WoodStorage 07-08-2023_05:40:14
GET /WoodStorage 07-08-2023_05:40:15
GET / 07-08-2023_05:40:24
GET /er 07-08-2023_05:40:28
GET /contacts 07-08-2023_05:42:09
GET /contacts 07-08-2023_05:44:07
GET /contacts 07-08-2023_05:44:59
GET /WoodStorage 07-08-2023_05:45:21
GET /WoodStorage 07-08-2023_05:50:01
GET /WoodStorage 07-08-2023_07:31:49
GET /WoodStorage 07-08-2023_08:31:10
GET /WoodStorage 07-08-2023_08:31:11
GET /WoodStorage 07-08-2023_08:31:15
GET /WoodStorage 07-08-2023_08:31:16
GET / 07-08-2023_08:31:21
GET /api/wood 08-08-2023_03:59:53
GET /api/wood 08-08-2023_04:17:05
GET /WoodStorage 08-08-2023_04:17:14
GET /wood 08-08-2023_04:17:18
GET /api/wood 08-08-2023_04:17:34
GET / 08-08-2023_04:21:05
GET /api/wood 08-08-2023_04:21:20
GET /api/wood 08-08-2023_04:27:49
GET /api/wood 08-08-2023_04:30:34
GET /api/wood 08-08-2023_04:30:36
GET /api/wood 08-08-2023_04:30:36
GET /api/wood 08-08-2023_04:30:37
GET /api/wood 08-08-2023_04:30:41
GET /api/wood 08-08-2023_04:30:42
GET /api/wood 08-08-2023_04:31:55
GET /api/wood 08-08-2023_04:31:57
GET /api/wood 08-08-2023_04:32:01
GET /api/wood 08-08-2023_04:33:07
GET /api/wood 08-08-2023_04:33:08
GET /api/wood 08-08-2023_04:33:08
GET /api/wood 08-08-2023_04:33:08
GET /api/wood 08-08-2023_04:33:11
GET /api/wood 08-08-2023_04:33:12
GET /api/wood 08-08-2023_04:34:05
GET /api/wood 08-08-2023_04:34:06
GET /api/wood 08-08-2023_04:34:09
GET /api/wood 08-08-2023_04:34:10
GET / 08-08-2023_04:36:28
GET /api 08-08-2023_04:36:45
GET /api/wood 08-08-2023_04:36:51
GET / 08-08-2023_05:01:37
GET /favicon.ico 08-08-2023_05:10:57
POST /api/wood/ 09-08-2023_12:42:28
POST /api/wood/ 09-08-2023_12:58:22
POST /api/wood/ 09-08-2023_12:59:03
POST /api/wood/ 09-08-2023_12:59:57
POST /api/wood/ 09-08-2023_02:44:13
POST /api/wood/5 09-08-2023_02:52:43
POST /api/wood/5 09-08-2023_02:52:53
POST /api/wood/5 09-08-2023_02:52:54
POST /api/wood/5 09-08-2023_02:52:55
POST /api/wood/5 09-08-2023_02:52:56
POST /api/wood/ 09-08-2023_02:55:10
GET / 14-08-2023_03:23:55
GET /favicon.ico 14-08-2023_03:23:55
POST /api/auth/login 15-08-2023_06:09:47
GET /api/auth/register 23-08-2023_11:18:03
GET /api/auth/login 23-08-2023_02:32:19
GET /api/auth/login 23-08-2023_02:32:30
GET /api/auth/login 23-08-2023_02:38:41
GET /api/desks 23-08-2023_03:45:23
GET /api/desks 23-08-2023_03:45:51
POST /api/desks 23-08-2023_03:45:57
GET /api/desks 23-08-2023_03:48:06
GET /api/desks 23-08-2023_03:48:10
GET /api/products 23-08-2023_04:50:32
GET /ws 29-08-2023_11:28:31
GET /ws 29-08-2023_11:28:37
GET /ws 29-08-2023_11:28:42
GET /ws 29-08-2023_11:28:51
GET /ws 29-08-2023_11:29:08
GET /ws 29-08-2023_11:29:41
GET /ws 29-08-2023_11:30:46
GET /ws 29-08-2023_11:32:55
GET /ws 29-08-2023_11:37:12
GET /ws 29-08-2023_11:45:44
GET /wood-accounting/pallets 29-08-2023_04:54:49
GET /favicon.ico 29-08-2023_04:54:49
GET /wood-accounting/pallets 29-08-2023_04:54:50
GET /wood-accounting 29-08-2023_04:55:03
PUT /api/inProgressDesk 15-09-2023_02:16:45
PUT /api/inProgressDesk 15-09-2023_02:16:53
PUT /api/inProgressDesk 15-09-2023_02:17:22
GET /api/goods 11-10-2023_04:41:15
GET /api/goods 11-10-2023_04:41:55
GET /api/goods 11-10-2023_04:42:24
POST /api/auth/auth 11-10-2023_04:43:19
GET /api/beauty_goods 11-10-2023_04:48:25